<?xml version="1.0" encoding="UTF-8" ?>
<testsuite failures="1" time="0.377" errors="0" skipped="0" tests="1" name="org.codehaus.modello.plugin.registry.RegistryWriterGeneratorTest">
  <properties>
[...]
</properties>
  <testcase time="0.377" classname="org.codehaus.modello.plugin.registry.RegistryWriterGeneratorTest" name="registry-writer">
    <failure message="There was compilation errors. expected:&lt;0&gt; but was:&lt;5&gt;" type="junit.framework.AssertionFailedError">junit.framework.AssertionFailedError: There was compilation errors. expected:&lt;0&gt; but was:&lt;5&gt;
	at junit.framework.Assert.fail(Assert.java:50)
	at junit.framework.Assert.failNotEquals(Assert.java:287)
	at junit.framework.Assert.assertEquals(Assert.java:67)
	at junit.framework.Assert.assertEquals(Assert.java:199)
	at org.codehaus.modello.AbstractModelloGeneratorTest.compile(AbstractModelloGeneratorTest.java:205)
	at org.codehaus.modello.plugin.registry.AbstractRegistryGeneratorTestCase.prepareTest(AbstractRegistryGeneratorTestCase.java:93)
	at org.codehaus.modello.plugin.registry.RegistryWriterGeneratorTest.testRegistryWriter(RegistryWriterGeneratorTest.java:40)
	at sun.reflect.NativeMethodAccessorImpl.invoke0(Native Method)
	at sun.reflect.NativeMethodAccessorImpl.invoke(NativeMethodAccessorImpl.java:39)
	at sun.reflect.DelegatingMethodAccessorImpl.invoke(DelegatingMethodAccessorImpl.java:25)
	at java.lang.reflect.Method.invoke(Method.java:597)
	at junit.framework.TestCase.runTest(TestCase.java:168)
	at junit.framework.TestCase.runBare(TestCase.java:134)
	at junit.framework.TestResult$1.protect(TestResult.java:110)
	at junit.framework.TestResult.runProtected(TestResult.java:128)
	at junit.framework.TestResult.run(TestResult.java:113)
	at junit.framework.TestCase.run(TestCase.java:124)
	at junit.framework.TestSuite.runTest(TestSuite.java:243)
	at junit.framework.TestSuite.run(TestSuite.java:238)
	at org.junit.internal.runners.JUnit38ClassRunner.run(JUnit38ClassRunner.java:83)
	at org.apache.maven.surefire.junit4.JUnit4Provider.execute(JUnit4Provider.java:236)
	at org.apache.maven.surefire.junit4.JUnit4Provider.executeTestSet(JUnit4Provider.java:134)
	at org.apache.maven.surefire.junit4.JUnit4Provider.invoke(JUnit4Provider.java:113)
	at sun.reflect.NativeMethodAccessorImpl.invoke0(Native Method)
	at sun.reflect.NativeMethodAccessorImpl.invoke(NativeMethodAccessorImpl.java:39)
	at sun.reflect.DelegatingMethodAccessorImpl.invoke(DelegatingMethodAccessorImpl.java:25)
	at java.lang.reflect.Method.invoke(Method.java:597)
	at org.apache.maven.surefire.util.ReflectionUtils.invokeMethodWithArray(ReflectionUtils.java:189)
	at org.apache.maven.surefire.booter.ProviderFactory$ProviderProxy.invoke(ProviderFactory.java:165)
	at org.apache.maven.surefire.booter.ProviderFactory.invokeProvider(ProviderFactory.java:85)
	at org.apache.maven.surefire.booter.ForkedBooter.runSuitesInProcess(ForkedBooter.java:103)
	at org.apache.maven.surefire.booter.ForkedBooter.main(ForkedBooter.java:74)
</failure>
    <system-out>Compiling 5 source files to /Users/olamy/dev/sources/redback-all/components/spring-registry/modello-plugin-redback-registry/target/registry-writer/classes
/Users/olamy/dev/sources/redback-all/components/spring-registry/modello-plugin-redback-registry/target/registry-writer/sources/org/codehaus/modello/test/model/io/registry/ModelRegistryWriter.java[3,53]: package org.apache.archiva.redback.components.registry does not exist

/Users/olamy/dev/sources/redback-all/components/spring-registry/modello-plugin-redback-registry/target/registry-writer/sources/org/codehaus/modello/test/model/io/registry/ModelRegistryWriter.java[21,36]: cannot find symbol
symbol  : class Registry
location: class org.codehaus.modello.test.model.io.registry.ModelRegistryWriter

/Users/olamy/dev/sources/redback-all/components/spring-registry/modello-plugin-redback-registry/target/registry-writer/sources/org/codehaus/modello/test/model/io/registry/ModelRegistryWriter.java[26,57]: cannot find symbol
symbol  : class Registry
location: class org.codehaus.modello.test.model.io.registry.ModelRegistryWriter

/Users/olamy/dev/sources/redback-all/components/spring-registry/modello-plugin-redback-registry/target/registry-writer/sources/org/codehaus/modello/test/model/io/registry/ModelRegistryWriter.java[149,65]: cannot find symbol
symbol  : class Registry
location: class org.codehaus.modello.test.model.io.registry.ModelRegistryWriter

/Users/olamy/dev/sources/redback-all/components/spring-registry/modello-plugin-redback-registry/target/registry-writer/sources/org/codehaus/modello/test/model/io/registry/ModelRegistryWriter.java[162,75]: cannot find symbol
symbol  : class Registry
location: class org.codehaus.modello.test.model.io.registry.ModelRegistryWriter

</system-out>
  </testcase>
</testsuite>